Listening on port 80

events.js:80
        throw er; // Unhandled 'error' event
              ^
Error: listen EADDRINUSE
    at exports._errnoException (util.js:676:11)
    at Server._listen2 (net.js:1071:14)
    at listen (net.js:1093:10)
    at Server.listen (net.js:1168:5)
    at Object.<anonymous> (/Users/Jojo/Desktop/upnext/webserver/server.js:41:8)
    at Module._compile (module.js:449:26)
    at Object.Module._extensions..js (module.js:467:10)
    at Module.load (module.js:349:32)
    at Function.Module._load (module.js:305:12)
    at Function.Module.runMain (module.js:490:10)
Listening on port 80

events.js:80
        throw er; // Unhandled 'error' event
              ^
Error: listen EADDRINUSE
    at exports._errnoException (util.js:676:11)
    at Server._listen2 (net.js:1071:14)
    at listen (net.js:1093:10)
    at Server.listen (net.js:1168:5)
    at Object.<anonymous> (/Users/Jojo/Desktop/upnext/webserver/server.js:41:8)
    at Module._compile (module.js:449:26)
    at Object.Module._extensions..js (module.js:467:10)
    at Module.load (module.js:349:32)
    at Function.Module._load (module.js:305:12)
    at Function.Module.runMain (module.js:490:10)
Listening on port 80
